<?xml version="1.0" encoding="UTF-8"?>
<!-- Generated by org.testng.reporters.JUnitReportReporter -->
<testsuite hostname="LAPTOP-FJ727NGV" failures="0" tests="1" name="git1.demo" time="0.014" errors="0" timestamp="2024-08-14T14:28:38 IST" skipped="0">
  <testcase classname="git1.demo" name="main" time="0.014"/>
  <system-out/>
</testsuite> <!-- git1.demo -->
